{"/home/wls503/rain-api-demo/payfi-platform/src/db.ts": {"path":"/home/wls503/rain-api-demo/payfi-platform/src/db.ts","statementMap":{"0":{"start":{"line":6,"column":0},"end":{"line":6,"column":26}},"1":{"start":{"line":7,"column":0},"end":{"line":7,"column":28}},"2":{"start":{"line":9,"column":0},"end":{"line":9,"column":16}},"3":{"start":{"line":11,"column":0},"end":{"line":15,"column":3}},"4":{"start":{"line":20,"column":13},"end":{"line":26,"column":2}},"5":{"start":{"line":30,"column":0},"end":{"line":37,"column":7}},"6":{"start":{"line":32,"column":8},"end":{"line":32,"column":57}},"7":{"start":{"line":33,"column":8},"end":{"line":33,"column":25}},"8":{"start":{"line":36,"column":8},"end":{"line":36,"column":68}},"9":{"start":{"line":42,"column":21},"end":{"line":44,"column":1}},"10":{"start":{"line":43,"column":4},"end":{"line":43,"column":36}},"11":{"start":{"line":42,"column":13},"end":{"line":42,"column":21}}},"fnMap":{"0":{"name":"(anonymous_1)","decl":{"start":{"line":31,"column":10},"end":{"line":31,"column":11}},"loc":{"start":{"line":31,"column":21},"end":{"line":34,"column":5}}},"1":{"name":"(anonymous_2)","decl":{"start":{"line":35,"column":11},"end":{"line":35,"column":12}},"loc":{"start":{"line":35,"column":19},"end":{"line":37,"column":5}}},"2":{"name":"(anonymous_3)","decl":{"start":{"line":42,"column":21},"end":{"line":42,"column":22}},"loc":{"start":{"line":42,"column":54},"end":{"line":44,"column":1}}}},"branchMap":{"0":{"loc":{"start":{"line":21,"column":10},"end":{"line":21,"column":44}},"type":"binary-expr","locations":[{"start":{"line":21,"column":10},"end":{"line":21,"column":29}},{"start":{"line":21,"column":33},"end":{"line":21,"column":44}}]},"1":{"loc":{"start":{"line":22,"column":10},"end":{"line":22,"column":43}},"type":"binary-expr","locations":[{"start":{"line":22,"column":10},"end":{"line":22,"column":29}},{"start":{"line":22,"column":33},"end":{"line":22,"column":43}}]},"2":{"loc":{"start":{"line":23,"column":14},"end":{"line":23,"column":43}},"type":"binary-expr","locations":[{"start":{"line":23,"column":14},"end":{"line":23,"column":37}},{"start":{"line":23,"column":41},"end":{"line":23,"column":43}}]},"3":{"loc":{"start":{"line":24,"column":14},"end":{"line":24,"column":44}},"type":"binary-expr","locations":[{"start":{"line":24,"column":14},"end":{"line":24,"column":33}},{"start":{"line":24,"column":37},"end":{"line":24,"column":44}}]}},"s":{"0":0,"1":0,"2":0,"3":0,"4":0,"5":0,"6":0,"7":0,"8":0,"9":0,"10":0,"11":0},"f":{"0":0,"1":0,"2":0},"b":{"0":[0,0],"1":[0,0],"2":[0,0],"3":[0,0]}}
,"/home/wls503/rain-api-demo/payfi-platform/src/server.ts": {"path":"/home/wls503/rain-api-demo/payfi-platform/src/server.ts","statementMap":{"0":{"start":{"line":6,"column":0},"end":{"line":6,"column":28}},"1":{"start":{"line":7,"column":0},"end":{"line":7,"column":16}},"2":{"start":{"line":9,"column":0},"end":{"line":9,"column":30}},"3":{"start":{"line":10,"column":0},"end":{"line":10,"column":43}},"4":{"start":{"line":11,"column":0},"end":{"line":11,"column":48}},"5":{"start":{"line":12,"column":0},"end":{"line":12,"column":44}},"6":{"start":{"line":13,"column":0},"end":{"line":13,"column":40}},"7":{"start":{"line":14,"column":0},"end":{"line":14,"column":51}},"8":{"start":{"line":16,"column":12},"end":{"line":16,"column":21}},"9":{"start":{"line":19,"column":0},"end":{"line":19,"column":24}},"10":{"start":{"line":23,"column":0},"end":{"line":25,"column":3}},"11":{"start":{"line":24,"column":4},"end":{"line":24,"column":53}},"12":{"start":{"line":29,"column":0},"end":{"line":31,"column":3}},"13":{"start":{"line":30,"column":4},"end":{"line":30,"column":67}},"14":{"start":{"line":34,"column":0},"end":{"line":34,"column":32}},"15":{"start":{"line":35,"column":0},"end":{"line":35,"column":30}},"16":{"start":{"line":36,"column":0},"end":{"line":36,"column":28}},"17":{"start":{"line":37,"column":0},"end":{"line":37,"column":34}},"18":{"start":{"line":40,"column":13},"end":{"line":40,"column":17}},"19":{"start":{"line":41,"column":0},"end":{"line":43,"column":3}},"20":{"start":{"line":42,"column":4},"end":{"line":42,"column":65}}},"fnMap":{"0":{"name":"(anonymous_1)","decl":{"start":{"line":23,"column":19},"end":{"line":23,"column":20}},"loc":{"start":{"line":23,"column":32},"end":{"line":25,"column":1}}},"1":{"name":"(anonymous_2)","decl":{"start":{"line":29,"column":38},"end":{"line":29,"column":39}},"loc":{"start":{"line":29,"column":51},"end":{"line":31,"column":1}}},"2":{"name":"(anonymous_3)","decl":{"start":{"line":41,"column":17},"end":{"line":41,"column":20}},"loc":{"start":{"line":41,"column":22},"end":{"line":43,"column":1}}}},"branchMap":{},"s":{"0":0,"1":0,"2":0,"3":0,"4":0,"5":0,"6":0,"7":0,"8":0,"9":0,"10":0,"11":0,"12":0,"13":0,"14":0,"15":0,"16":0,"17":0,"18":0,"19":0,"20":0},"f":{"0":0,"1":0,"2":0},"b":{}}
,"/home/wls503/rain-api-demo/payfi-platform/src/compliance/amlRules.ts": {"path":"/home/wls503/rain-api-demo/payfi-platform/src/compliance/amlRules.ts","statementMap":{"0":{"start":{"line":11,"column":0},"end":{"line":11,"column":16}},"1":{"start":{"line":26,"column":0},"end":{"line":26,"column":16}},"2":{"start":{"line":16,"column":18},"end":{"line":16,"column":63}},"3":{"start":{"line":16,"column":54},"end":{"line":16,"column":59}},"4":{"start":{"line":19,"column":4},"end":{"line":19,"column":63}},"5":{"start":{"line":28,"column":4},"end":{"line":28,"column":33}}},"fnMap":{"0":{"name":"detectStructuring","decl":{"start":{"line":11,"column":16},"end":{"line":11,"column":33}},"loc":{"start":{"line":13,"column":21},"end":{"line":20,"column":1}}},"1":{"name":"(anonymous_1)","decl":{"start":{"line":16,"column":44},"end":{"line":16,"column":45}},"loc":{"start":{"line":16,"column":54},"end":{"line":16,"column":59}}},"2":{"name":"detectHighFrequency","decl":{"start":{"line":26,"column":16},"end":{"line":26,"column":35}},"loc":{"start":{"line":26,"column":61},"end":{"line":29,"column":1}}}},"branchMap":{"0":{"loc":{"start":{"line":19,"column":11},"end":{"line":19,"column":62}},"type":"binary-expr","locations":[{"start":{"line":19,"column":11},"end":{"line":19,"column":41}},{"start":{"line":19,"column":45},"end":{"line":19,"column":62}}]}},"s":{"0":2,"1":2,"2":8,"3":21,"4":8,"5":6},"f":{"0":8,"1":21,"2":6},"b":{"0":[8,5]}}
,"/home/wls503/rain-api-demo/payfi-platform/src/compliance/kycLevels.ts": {"path":"/home/wls503/rain-api-demo/payfi-platform/src/compliance/kycLevels.ts","statementMap":{"0":{"start":{"line":8,"column":13},"end":{"line":14,"column":11}},"1":{"start":{"line":22,"column":13},"end":{"line":31,"column":2}}},"fnMap":{},"branchMap":{},"s":{"0":3,"1":3},"f":{},"b":{}}
,"/home/wls503/rain-api-demo/payfi-platform/src/compliance/riskEngine.ts": {"path":"/home/wls503/rain-api-demo/payfi-platform/src/compliance/riskEngine.ts","statementMap":{"0":{"start":{"line":20,"column":0},"end":{"line":20,"column":16}},"1":{"start":{"line":6,"column":0},"end":{"line":6,"column":51}},"2":{"start":{"line":22,"column":19},"end":{"line":22,"column":43}},"3":{"start":{"line":25,"column":4},"end":{"line":26,"column":58}},"4":{"start":{"line":26,"column":8},"end":{"line":26,"column":58}},"5":{"start":{"line":29,"column":4},"end":{"line":30,"column":63}},"6":{"start":{"line":30,"column":8},"end":{"line":30,"column":63}},"7":{"start":{"line":33,"column":4},"end":{"line":33,"column":29}}},"fnMap":{"0":{"name":"evaluateRisk","decl":{"start":{"line":20,"column":16},"end":{"line":20,"column":28}},"loc":{"start":{"line":20,"column":45},"end":{"line":34,"column":1}}}},"branchMap":{"0":{"loc":{"start":{"line":25,"column":4},"end":{"line":26,"column":58}},"type":"if","locations":[{"start":{"line":25,"column":4},"end":{"line":26,"column":58}},{"start":{},"end":{}}]},"1":{"loc":{"start":{"line":29,"column":4},"end":{"line":30,"column":63}},"type":"if","locations":[{"start":{"line":29,"column":4},"end":{"line":30,"column":63}},{"start":{},"end":{}}]}},"s":{"0":2,"1":2,"2":22,"3":22,"4":9,"5":13,"6":1,"7":12},"f":{"0":22},"b":{"0":[9,13],"1":[1,12]}}
,"/home/wls503/rain-api-demo/payfi-platform/src/middleware/auth.ts": {"path":"/home/wls503/rain-api-demo/payfi-platform/src/middleware/auth.ts","statementMap":{"0":{"start":{"line":12,"column":0},"end":{"line":12,"column":7}},"1":{"start":{"line":27,"column":0},"end":{"line":27,"column":7}},"2":{"start":{"line":7,"column":0},"end":{"line":7,"column":30}},"3":{"start":{"line":13,"column":4},"end":{"line":16,"column":7}},"4":{"start":{"line":29,"column":19},"end":{"line":29,"column":43}},"5":{"start":{"line":32,"column":4},"end":{"line":34,"column":5}},"6":{"start":{"line":33,"column":8},"end":{"line":33,"column":66}},"7":{"start":{"line":37,"column":19},"end":{"line":39,"column":null}},"8":{"start":{"line":43,"column":4},"end":{"line":45,"column":5}},"9":{"start":{"line":44,"column":8},"end":{"line":44,"column":66}},"10":{"start":{"line":49,"column":4},"end":{"line":52,"column":6}},"11":{"start":{"line":55,"column":4},"end":{"line":55,"column":11}},"12":{"start":{"line":58,"column":0},"end":{"line":58,"column":26}}},"fnMap":{"0":{"name":"registerApiKey","decl":{"start":{"line":12,"column":22},"end":{"line":12,"column":36}},"loc":{"start":{"line":12,"column":68},"end":{"line":17,"column":1}}},"1":{"name":"apiKeyAuth","decl":{"start":{"line":27,"column":22},"end":{"line":27,"column":32}},"loc":{"start":{"line":27,"column":76},"end":{"line":56,"column":1}}}},"branchMap":{"0":{"loc":{"start":{"line":32,"column":4},"end":{"line":34,"column":5}},"type":"if","locations":[{"start":{"line":32,"column":4},"end":{"line":34,"column":5}},{"start":{},"end":{}}]},"1":{"loc":{"start":{"line":32,"column":8},"end":{"line":32,"column":45}},"type":"binary-expr","locations":[{"start":{"line":32,"column":8},"end":{"line":32,"column":15}},{"start":{"line":32,"column":19},"end":{"line":32,"column":45}}]},"2":{"loc":{"start":{"line":43,"column":4},"end":{"line":45,"column":5}},"type":"if","locations":[{"start":{"line":43,"column":4},"end":{"line":45,"column":5}},{"start":{},"end":{}}]}},"s":{"0":0,"1":0,"2":0,"3":0,"4":0,"5":0,"6":0,"7":0,"8":0,"9":0,"10":0,"11":0,"12":0},"f":{"0":0,"1":0},"b":{"0":[0,0],"1":[0,0],"2":[0,0]}}
,"/home/wls503/rain-api-demo/payfi-platform/src/routes/cards.ts": {"path":"/home/wls503/rain-api-demo/payfi-platform/src/routes/cards.ts","statementMap":{"0":{"start":{"line":6,"column":0},"end":{"line":6,"column":33}},"1":{"start":{"line":7,"column":0},"end":{"line":7,"column":48}},"2":{"start":{"line":8,"column":0},"end":{"line":8,"column":30}},"3":{"start":{"line":9,"column":0},"end":{"line":9,"column":56}},"4":{"start":{"line":11,"column":0},"end":{"line":11,"column":53}},"5":{"start":{"line":13,"column":15},"end":{"line":13,"column":23}},"6":{"start":{"line":18,"column":35},"end":{"line":18,"column":74}},"7":{"start":{"line":21,"column":4},"end":{"line":21,"column":70}},"8":{"start":{"line":21,"column":18},"end":{"line":21,"column":70}},"9":{"start":{"line":24,"column":4},"end":{"line":31,"column":7}},"10":{"start":{"line":36,"column":0},"end":{"line":56,"column":3}},"11":{"start":{"line":37,"column":23},"end":{"line":37,"column":38}},"12":{"start":{"line":38,"column":4},"end":{"line":55,"column":5}},"13":{"start":{"line":41,"column":23},"end":{"line":47,"column":null}},"14":{"start":{"line":49,"column":8},"end":{"line":52,"column":11}},"15":{"start":{"line":54,"column":8},"end":{"line":54,"column":65}},"16":{"start":{"line":60,"column":0},"end":{"line":73,"column":3}},"17":{"start":{"line":61,"column":4},"end":{"line":72,"column":5}},"18":{"start":{"line":62,"column":27},"end":{"line":62,"column":42}},"19":{"start":{"line":65,"column":23},"end":{"line":67,"column":null}},"20":{"start":{"line":69,"column":8},"end":{"line":69,"column":41}},"21":{"start":{"line":71,"column":8},"end":{"line":71,"column":65}},"22":{"start":{"line":78,"column":0},"end":{"line":127,"column":3}},"23":{"start":{"line":79,"column":23},"end":{"line":79,"column":38}},"24":{"start":{"line":80,"column":23},"end":{"line":80,"column":31}},"25":{"start":{"line":83,"column":4},"end":{"line":84,"column":65}},"26":{"start":{"line":84,"column":8},"end":{"line":84,"column":65}},"27":{"start":{"line":87,"column":23},"end":{"line":87,"column":64}},"28":{"start":{"line":88,"column":4},"end":{"line":89,"column":66}},"29":{"start":{"line":89,"column":8},"end":{"line":89,"column":66}},"30":{"start":{"line":91,"column":4},"end":{"line":126,"column":5}},"31":{"start":{"line":93,"column":29},"end":{"line":95,"column":null}},"32":{"start":{"line":99,"column":8},"end":{"line":100,"column":71}},"33":{"start":{"line":100,"column":12},"end":{"line":100,"column":71}},"34":{"start":{"line":102,"column":23},"end":{"line":102,"column":43}},"35":{"start":{"line":105,"column":8},"end":{"line":106,"column":75}},"36":{"start":{"line":106,"column":12},"end":{"line":106,"column":75}},"37":{"start":{"line":109,"column":27},"end":{"line":109,"column":66}},"38":{"start":{"line":112,"column":8},"end":{"line":115,"column":11}},"39":{"start":{"line":118,"column":8},"end":{"line":121,"column":10}},"40":{"start":{"line":123,"column":8},"end":{"line":123,"column":74}},"41":{"start":{"line":125,"column":8},"end":{"line":125,"column":61}},"42":{"start":{"line":129,"column":0},"end":{"line":129,"column":22}}},"fnMap":{"0":{"name":"complianceCheck","decl":{"start":{"line":16,"column":15},"end":{"line":16,"column":30}},"loc":{"start":{"line":16,"column":65},"end":{"line":32,"column":1}}},"1":{"name":"(anonymous_1)","decl":{"start":{"line":36,"column":34},"end":{"line":36,"column":39}},"loc":{"start":{"line":36,"column":58},"end":{"line":56,"column":1}}},"2":{"name":"(anonymous_2)","decl":{"start":{"line":60,"column":33},"end":{"line":60,"column":38}},"loc":{"start":{"line":60,"column":57},"end":{"line":73,"column":1}}},"3":{"name":"(anonymous_3)","decl":{"start":{"line":78,"column":40},"end":{"line":78,"column":45}},"loc":{"start":{"line":78,"column":64},"end":{"line":127,"column":1}}}},"branchMap":{"0":{"loc":{"start":{"line":21,"column":4},"end":{"line":21,"column":70}},"type":"if","locations":[{"start":{"line":21,"column":4},"end":{"line":21,"column":70}},{"start":{},"end":{}}]},"1":{"loc":{"start":{"line":83,"column":4},"end":{"line":84,"column":65}},"type":"if","locations":[{"start":{"line":83,"column":4},"end":{"line":84,"column":65}},{"start":{},"end":{}}]},"2":{"loc":{"start":{"line":83,"column":8},"end":{"line":83,"column":30}},"type":"binary-expr","locations":[{"start":{"line":83,"column":8},"end":{"line":83,"column":15}},{"start":{"line":83,"column":19},"end":{"line":83,"column":30}}]},"3":{"loc":{"start":{"line":88,"column":4},"end":{"line":89,"column":66}},"type":"if","locations":[{"start":{"line":88,"column":4},"end":{"line":89,"column":66}},{"start":{},"end":{}}]},"4":{"loc":{"start":{"line":99,"column":8},"end":{"line":100,"column":71}},"type":"if","locations":[{"start":{"line":99,"column":8},"end":{"line":100,"column":71}},{"start":{},"end":{}}]},"5":{"loc":{"start":{"line":105,"column":8},"end":{"line":106,"column":75}},"type":"if","locations":[{"start":{"line":105,"column":8},"end":{"line":106,"column":75}},{"start":{},"end":{}}]}},"s":{"0":0,"1":0,"2":0,"3":0,"4":0,"5":0,"6":0,"7":0,"8":0,"9":0,"10":0,"11":0,"12":0,"13":0,"14":0,"15":0,"16":0,"17":0,"18":0,"19":0,"20":0,"21":0,"22":0,"23":0,"24":0,"25":0,"26":0,"27":0,"28":0,"29":0,"30":0,"31":0,"32":0,"33":0,"34":0,"35":0,"36":0,"37":0,"38":0,"39":0,"40":0,"41":0,"42":0},"f":{"0":0,"1":0,"2":0,"3":0},"b":{"0":[0,0],"1":[0,0],"2":[0,0],"3":[0,0],"4":[0,0],"5":[0,0]}}
,"/home/wls503/rain-api-demo/payfi-platform/src/routes/compliance.ts": {"path":"/home/wls503/rain-api-demo/payfi-platform/src/routes/compliance.ts","statementMap":{"0":{"start":{"line":41,"column":0},"end":{"line":41,"column":7}},"1":{"start":{"line":6,"column":0},"end":{"line":6,"column":33}},"2":{"start":{"line":7,"column":0},"end":{"line":7,"column":48}},"3":{"start":{"line":8,"column":0},"end":{"line":8,"column":63}},"4":{"start":{"line":9,"column":0},"end":{"line":9,"column":30}},"5":{"start":{"line":11,"column":15},"end":{"line":11,"column":23}},"6":{"start":{"line":15,"column":0},"end":{"line":36,"column":3}},"7":{"start":{"line":16,"column":23},"end":{"line":16,"column":38}},"8":{"start":{"line":17,"column":22},"end":{"line":17,"column":30}},"9":{"start":{"line":20,"column":4},"end":{"line":22,"column":5}},"10":{"start":{"line":21,"column":8},"end":{"line":21,"column":68}},"11":{"start":{"line":24,"column":4},"end":{"line":35,"column":5}},"12":{"start":{"line":26,"column":8},"end":{"line":29,"column":11}},"13":{"start":{"line":31,"column":8},"end":{"line":31,"column":64}},"14":{"start":{"line":33,"column":8},"end":{"line":33,"column":52}},"15":{"start":{"line":34,"column":8},"end":{"line":34,"column":64}},"16":{"start":{"line":42,"column":4},"end":{"line":63,"column":5}},"17":{"start":{"line":44,"column":23},"end":{"line":46,"column":null}},"18":{"start":{"line":50,"column":8},"end":{"line":52,"column":9}},"19":{"start":{"line":51,"column":12},"end":{"line":51,"column":72}},"20":{"start":{"line":54,"column":20},"end":{"line":54,"column":34}},"21":{"start":{"line":55,"column":8},"end":{"line":58,"column":10}},"22":{"start":{"line":60,"column":8},"end":{"line":60,"column":66}},"23":{"start":{"line":62,"column":8},"end":{"line":62,"column":68}},"24":{"start":{"line":66,"column":0},"end":{"line":66,"column":22}}},"fnMap":{"0":{"name":"(anonymous_0)","decl":{"start":{"line":15,"column":47},"end":{"line":15,"column":52}},"loc":{"start":{"line":15,"column":71},"end":{"line":36,"column":1}}},"1":{"name":"getMerchantCompliance","decl":{"start":{"line":41,"column":22},"end":{"line":41,"column":43}},"loc":{"start":{"line":41,"column":62},"end":{"line":64,"column":1}}}},"branchMap":{"0":{"loc":{"start":{"line":20,"column":4},"end":{"line":22,"column":5}},"type":"if","locations":[{"start":{"line":20,"column":4},"end":{"line":22,"column":5}},{"start":{},"end":{}}]},"1":{"loc":{"start":{"line":50,"column":8},"end":{"line":52,"column":9}},"type":"if","locations":[{"start":{"line":50,"column":8},"end":{"line":52,"column":9}},{"start":{},"end":{}}]},"2":{"loc":{"start":{"line":56,"column":23},"end":{"line":56,"column":74}},"type":"binary-expr","locations":[{"start":{"line":56,"column":23},"end":{"line":56,"column":49}},{"start":{"line":56,"column":53},"end":{"line":56,"column":74}}]},"3":{"loc":{"start":{"line":57,"column":22},"end":{"line":57,"column":44}},"type":"binary-expr","locations":[{"start":{"line":57,"column":22},"end":{"line":57,"column":35}},{"start":{"line":57,"column":39},"end":{"line":57,"column":44}}]}},"s":{"0":0,"1":0,"2":0,"3":0,"4":0,"5":0,"6":0,"7":0,"8":0,"9":0,"10":0,"11":0,"12":0,"13":0,"14":0,"15":0,"16":0,"17":0,"18":0,"19":0,"20":0,"21":0,"22":0,"23":0,"24":0},"f":{"0":0,"1":0},"b":{"0":[0,0],"1":[0,0],"2":[0,0],"3":[0,0]}}
,"/home/wls503/rain-api-demo/payfi-platform/src/routes/merchants.ts": {"path":"/home/wls503/rain-api-demo/payfi-platform/src/routes/merchants.ts","statementMap":{"0":{"start":{"line":6,"column":0},"end":{"line":6,"column":33}},"1":{"start":{"line":7,"column":0},"end":{"line":7,"column":28}},"2":{"start":{"line":8,"column":0},"end":{"line":8,"column":30}},"3":{"start":{"line":9,"column":0},"end":{"line":9,"column":52}},"4":{"start":{"line":11,"column":15},"end":{"line":11,"column":23}},"5":{"start":{"line":16,"column":0},"end":{"line":66,"column":3}},"6":{"start":{"line":17,"column":21},"end":{"line":17,"column":29}},"7":{"start":{"line":20,"column":4},"end":{"line":22,"column":5}},"8":{"start":{"line":21,"column":8},"end":{"line":21,"column":76}},"9":{"start":{"line":24,"column":4},"end":{"line":65,"column":5}},"10":{"start":{"line":26,"column":33},"end":{"line":28,"column":null}},"11":{"start":{"line":31,"column":8},"end":{"line":35,"column":9}},"12":{"start":{"line":32,"column":12},"end":{"line":34,"column":65}},"13":{"start":{"line":39,"column":23},"end":{"line":41,"column":null}},"14":{"start":{"line":44,"column":25},"end":{"line":44,"column":39}},"15":{"start":{"line":48,"column":23},"end":{"line":48,"column":61}},"16":{"start":{"line":51,"column":8},"end":{"line":51,"column":50}},"17":{"start":{"line":54,"column":8},"end":{"line":61,"column":11}},"18":{"start":{"line":63,"column":8},"end":{"line":63,"column":27}},"19":{"start":{"line":64,"column":8},"end":{"line":64,"column":69}},"20":{"start":{"line":68,"column":0},"end":{"line":68,"column":22}}},"fnMap":{"0":{"name":"(anonymous_1)","decl":{"start":{"line":16,"column":26},"end":{"line":16,"column":31}},"loc":{"start":{"line":16,"column":45},"end":{"line":66,"column":1}}}},"branchMap":{"0":{"loc":{"start":{"line":20,"column":4},"end":{"line":22,"column":5}},"type":"if","locations":[{"start":{"line":20,"column":4},"end":{"line":22,"column":5}},{"start":{},"end":{}}]},"1":{"loc":{"start":{"line":31,"column":8},"end":{"line":35,"column":9}},"type":"if","locations":[{"start":{"line":31,"column":8},"end":{"line":35,"column":9}},{"start":{},"end":{}}]}},"s":{"0":0,"1":0,"2":0,"3":0,"4":0,"5":0,"6":0,"7":0,"8":0,"9":0,"10":0,"11":0,"12":0,"13":0,"14":0,"15":0,"16":0,"17":0,"18":0,"19":0,"20":0},"f":{"0":0},"b":{"0":[0,0],"1":[0,0]}}
,"/home/wls503/rain-api-demo/payfi-platform/src/routes/wallets.ts": {"path":"/home/wls503/rain-api-demo/payfi-platform/src/routes/wallets.ts","statementMap":{"0":{"start":{"line":6,"column":0},"end":{"line":6,"column":33}},"1":{"start":{"line":7,"column":0},"end":{"line":7,"column":48}},"2":{"start":{"line":8,"column":0},"end":{"line":8,"column":30}},"3":{"start":{"line":9,"column":0},"end":{"line":9,"column":56}},"4":{"start":{"line":11,"column":0},"end":{"line":11,"column":53}},"5":{"start":{"line":13,"column":15},"end":{"line":13,"column":23}},"6":{"start":{"line":19,"column":35},"end":{"line":19,"column":74}},"7":{"start":{"line":22,"column":4},"end":{"line":22,"column":70}},"8":{"start":{"line":22,"column":18},"end":{"line":22,"column":70}},"9":{"start":{"line":25,"column":4},"end":{"line":32,"column":7}},"10":{"start":{"line":37,"column":0},"end":{"line":54,"column":3}},"11":{"start":{"line":38,"column":4},"end":{"line":53,"column":5}},"12":{"start":{"line":39,"column":27},"end":{"line":39,"column":42}},"13":{"start":{"line":42,"column":23},"end":{"line":44,"column":null}},"14":{"start":{"line":47,"column":8},"end":{"line":50,"column":11}},"15":{"start":{"line":52,"column":8},"end":{"line":52,"column":67}},"16":{"start":{"line":58,"column":0},"end":{"line":79,"column":3}},"17":{"start":{"line":59,"column":4},"end":{"line":78,"column":5}},"18":{"start":{"line":60,"column":27},"end":{"line":60,"column":42}},"19":{"start":{"line":63,"column":23},"end":{"line":65,"column":null}},"20":{"start":{"line":69,"column":8},"end":{"line":71,"column":9}},"21":{"start":{"line":70,"column":12},"end":{"line":70,"column":71}},"22":{"start":{"line":73,"column":8},"end":{"line":75,"column":11}},"23":{"start":{"line":77,"column":8},"end":{"line":77,"column":69}},"24":{"start":{"line":84,"column":0},"end":{"line":120,"column":3}},"25":{"start":{"line":85,"column":23},"end":{"line":85,"column":38}},"26":{"start":{"line":86,"column":23},"end":{"line":86,"column":31}},"27":{"start":{"line":89,"column":23},"end":{"line":89,"column":64}},"28":{"start":{"line":90,"column":4},"end":{"line":91,"column":66}},"29":{"start":{"line":91,"column":8},"end":{"line":91,"column":66}},"30":{"start":{"line":93,"column":4},"end":{"line":119,"column":5}},"31":{"start":{"line":95,"column":29},"end":{"line":97,"column":null}},"32":{"start":{"line":99,"column":23},"end":{"line":99,"column":43}},"33":{"start":{"line":102,"column":27},"end":{"line":102,"column":66}},"34":{"start":{"line":105,"column":8},"end":{"line":108,"column":11}},"35":{"start":{"line":111,"column":8},"end":{"line":114,"column":10}},"36":{"start":{"line":116,"column":8},"end":{"line":116,"column":73}},"37":{"start":{"line":118,"column":8},"end":{"line":118,"column":58}},"38":{"start":{"line":125,"column":0},"end":{"line":165,"column":3}},"39":{"start":{"line":126,"column":23},"end":{"line":126,"column":38}},"40":{"start":{"line":127,"column":23},"end":{"line":127,"column":31}},"41":{"start":{"line":130,"column":23},"end":{"line":130,"column":64}},"42":{"start":{"line":131,"column":4},"end":{"line":132,"column":66}},"43":{"start":{"line":132,"column":8},"end":{"line":132,"column":66}},"44":{"start":{"line":134,"column":4},"end":{"line":164,"column":5}},"45":{"start":{"line":136,"column":29},"end":{"line":138,"column":null}},"46":{"start":{"line":140,"column":23},"end":{"line":140,"column":43}},"47":{"start":{"line":143,"column":8},"end":{"line":144,"column":75}},"48":{"start":{"line":144,"column":12},"end":{"line":144,"column":75}},"49":{"start":{"line":147,"column":27},"end":{"line":147,"column":66}},"50":{"start":{"line":150,"column":8},"end":{"line":153,"column":11}},"51":{"start":{"line":156,"column":8},"end":{"line":159,"column":10}},"52":{"start":{"line":161,"column":8},"end":{"line":161,"column":76}},"53":{"start":{"line":163,"column":8},"end":{"line":163,"column":59}},"54":{"start":{"line":169,"column":0},"end":{"line":199,"column":3}},"55":{"start":{"line":170,"column":4},"end":{"line":198,"column":5}},"56":{"start":{"line":171,"column":27},"end":{"line":171,"column":42}},"57":{"start":{"line":174,"column":29},"end":{"line":176,"column":null}},"58":{"start":{"line":180,"column":8},"end":{"line":182,"column":9}},"59":{"start":{"line":181,"column":12},"end":{"line":181,"column":71}},"60":{"start":{"line":184,"column":25},"end":{"line":184,"column":48}},"61":{"start":{"line":187,"column":35},"end":{"line":189,"column":null}},"62":{"start":{"line":192,"column":8},"end":{"line":195,"column":11}},"63":{"start":{"line":197,"column":8},"end":{"line":197,"column":75}},"64":{"start":{"line":204,"column":0},"end":{"line":327,"column":3}},"65":{"start":{"line":205,"column":29},"end":{"line":205,"column":44}},"66":{"start":{"line":206,"column":37},"end":{"line":206,"column":45}},"67":{"start":{"line":209,"column":4},"end":{"line":213,"column":5}},"68":{"start":{"line":210,"column":8},"end":{"line":212,"column":69}},"69":{"start":{"line":215,"column":4},"end":{"line":217,"column":5}},"70":{"start":{"line":216,"column":8},"end":{"line":216,"column":80}},"71":{"start":{"line":219,"column":4},"end":{"line":221,"column":5}},"72":{"start":{"line":220,"column":8},"end":{"line":220,"column":78}},"73":{"start":{"line":224,"column":23},"end":{"line":224,"column":70}},"74":{"start":{"line":225,"column":4},"end":{"line":227,"column":5}},"75":{"start":{"line":226,"column":8},"end":{"line":226,"column":66}},"76":{"start":{"line":229,"column":4},"end":{"line":326,"column":5}},"77":{"start":{"line":231,"column":35},"end":{"line":233,"column":null}},"78":{"start":{"line":236,"column":8},"end":{"line":238,"column":9}},"79":{"start":{"line":237,"column":12},"end":{"line":237,"column":78}},"80":{"start":{"line":240,"column":29},"end":{"line":240,"column":55}},"81":{"start":{"line":243,"column":8},"end":{"line":245,"column":9}},"82":{"start":{"line":244,"column":12},"end":{"line":244,"column":75}},"83":{"start":{"line":248,"column":38},"end":{"line":250,"column":null}},"84":{"start":{"line":253,"column":8},"end":{"line":257,"column":9}},"85":{"start":{"line":254,"column":12},"end":{"line":256,"column":63}},"86":{"start":{"line":259,"column":32},"end":{"line":259,"column":61}},"87":{"start":{"line":262,"column":36},"end":{"line":262,"column":77}},"88":{"start":{"line":263,"column":8},"end":{"line":267,"column":9}},"89":{"start":{"line":264,"column":12},"end":{"line":266,"column":64}},"90":{"start":{"line":270,"column":30},"end":{"line":270,"column":73}},"91":{"start":{"line":271,"column":8},"end":{"line":275,"column":9}},"92":{"start":{"line":272,"column":12},"end":{"line":274,"column":70}},"93":{"start":{"line":278,"column":33},"end":{"line":278,"column":78}},"94":{"start":{"line":280,"column":12},"end":{"line":280,"column":60}},"95":{"start":{"line":283,"column":8},"end":{"line":286,"column":11}},"96":{"start":{"line":289,"column":8},"end":{"line":292,"column":11}},"97":{"start":{"line":295,"column":8},"end":{"line":304,"column":10}},"98":{"start":{"line":307,"column":8},"end":{"line":316,"column":10}},"99":{"start":{"line":318,"column":8},"end":{"line":322,"column":11}},"100":{"start":{"line":324,"column":8},"end":{"line":324,"column":27}},"101":{"start":{"line":325,"column":8},"end":{"line":325,"column":59}},"102":{"start":{"line":329,"column":0},"end":{"line":329,"column":22}}},"fnMap":{"0":{"name":"complianceCheck","decl":{"start":{"line":17,"column":15},"end":{"line":17,"column":30}},"loc":{"start":{"line":17,"column":65},"end":{"line":33,"column":1}}},"1":{"name":"(anonymous_1)","decl":{"start":{"line":37,"column":36},"end":{"line":37,"column":41}},"loc":{"start":{"line":37,"column":60},"end":{"line":54,"column":1}}},"2":{"name":"(anonymous_2)","decl":{"start":{"line":58,"column":35},"end":{"line":58,"column":40}},"loc":{"start":{"line":58,"column":59},"end":{"line":79,"column":1}}},"3":{"name":"(anonymous_3)","decl":{"start":{"line":84,"column":44},"end":{"line":84,"column":49}},"loc":{"start":{"line":84,"column":68},"end":{"line":120,"column":1}}},"4":{"name":"(anonymous_4)","decl":{"start":{"line":125,"column":45},"end":{"line":125,"column":50}},"loc":{"start":{"line":125,"column":69},"end":{"line":165,"column":1}}},"5":{"name":"(anonymous_5)","decl":{"start":{"line":169,"column":48},"end":{"line":169,"column":53}},"loc":{"start":{"line":169,"column":72},"end":{"line":199,"column":1}}},"6":{"name":"(anonymous_6)","decl":{"start":{"line":204,"column":45},"end":{"line":204,"column":50}},"loc":{"start":{"line":204,"column":69},"end":{"line":327,"column":1}}}},"branchMap":{"0":{"loc":{"start":{"line":22,"column":4},"end":{"line":22,"column":70}},"type":"if","locations":[{"start":{"line":22,"column":4},"end":{"line":22,"column":70}},{"start":{},"end":{}}]},"1":{"loc":{"start":{"line":69,"column":8},"end":{"line":71,"column":9}},"type":"if","locations":[{"start":{"line":69,"column":8},"end":{"line":71,"column":9}},{"start":{},"end":{}}]},"2":{"loc":{"start":{"line":90,"column":4},"end":{"line":91,"column":66}},"type":"if","locations":[{"start":{"line":90,"column":4},"end":{"line":91,"column":66}},{"start":{},"end":{}}]},"3":{"loc":{"start":{"line":131,"column":4},"end":{"line":132,"column":66}},"type":"if","locations":[{"start":{"line":131,"column":4},"end":{"line":132,"column":66}},{"start":{},"end":{}}]},"4":{"loc":{"start":{"line":143,"column":8},"end":{"line":144,"column":75}},"type":"if","locations":[{"start":{"line":143,"column":8},"end":{"line":144,"column":75}},{"start":{},"end":{}}]},"5":{"loc":{"start":{"line":180,"column":8},"end":{"line":182,"column":9}},"type":"if","locations":[{"start":{"line":180,"column":8},"end":{"line":182,"column":9}},{"start":{},"end":{}}]},"6":{"loc":{"start":{"line":209,"column":4},"end":{"line":213,"column":5}},"type":"if","locations":[{"start":{"line":209,"column":4},"end":{"line":213,"column":5}},{"start":{},"end":{}}]},"7":{"loc":{"start":{"line":209,"column":8},"end":{"line":209,"column":32}},"type":"binary-expr","locations":[{"start":{"line":209,"column":8},"end":{"line":209,"column":21}},{"start":{"line":209,"column":25},"end":{"line":209,"column":32}}]},"8":{"loc":{"start":{"line":215,"column":4},"end":{"line":217,"column":5}},"type":"if","locations":[{"start":{"line":215,"column":4},"end":{"line":217,"column":5}},{"start":{},"end":{}}]},"9":{"loc":{"start":{"line":219,"column":4},"end":{"line":221,"column":5}},"type":"if","locations":[{"start":{"line":219,"column":4},"end":{"line":221,"column":5}},{"start":{},"end":{}}]},"10":{"loc":{"start":{"line":225,"column":4},"end":{"line":227,"column":5}},"type":"if","locations":[{"start":{"line":225,"column":4},"end":{"line":227,"column":5}},{"start":{},"end":{}}]},"11":{"loc":{"start":{"line":236,"column":8},"end":{"line":238,"column":9}},"type":"if","locations":[{"start":{"line":236,"column":8},"end":{"line":238,"column":9}},{"start":{},"end":{}}]},"12":{"loc":{"start":{"line":243,"column":8},"end":{"line":245,"column":9}},"type":"if","locations":[{"start":{"line":243,"column":8},"end":{"line":245,"column":9}},{"start":{},"end":{}}]},"13":{"loc":{"start":{"line":253,"column":8},"end":{"line":257,"column":9}},"type":"if","locations":[{"start":{"line":253,"column":8},"end":{"line":257,"column":9}},{"start":{},"end":{}}]},"14":{"loc":{"start":{"line":263,"column":8},"end":{"line":267,"column":9}},"type":"if","locations":[{"start":{"line":263,"column":8},"end":{"line":267,"column":9}},{"start":{},"end":{}}]},"15":{"loc":{"start":{"line":271,"column":8},"end":{"line":275,"column":9}},"type":"if","locations":[{"start":{"line":271,"column":8},"end":{"line":275,"column":9}},{"start":{},"end":{}}]}},"s":{"0":0,"1":0,"2":0,"3":0,"4":0,"5":0,"6":0,"7":0,"8":0,"9":0,"10":0,"11":0,"12":0,"13":0,"14":0,"15":0,"16":0,"17":0,"18":0,"19":0,"20":0,"21":0,"22":0,"23":0,"24":0,"25":0,"26":0,"27":0,"28":0,"29":0,"30":0,"31":0,"32":0,"33":0,"34":0,"35":0,"36":0,"37":0,"38":0,"39":0,"40":0,"41":0,"42":0,"43":0,"44":0,"45":0,"46":0,"47":0,"48":0,"49":0,"50":0,"51":0,"52":0,"53":0,"54":0,"55":0,"56":0,"57":0,"58":0,"59":0,"60":0,"61":0,"62":0,"63":0,"64":0,"65":0,"66":0,"67":0,"68":0,"69":0,"70":0,"71":0,"72":0,"73":0,"74":0,"75":0,"76":0,"77":0,"78":0,"79":0,"80":0,"81":0,"82":0,"83":0,"84":0,"85":0,"86":0,"87":0,"88":0,"89":0,"90":0,"91":0,"92":0,"93":0,"94":0,"95":0,"96":0,"97":0,"98":0,"99":0,"100":0,"101":0,"102":0},"f":{"0":0,"1":0,"2":0,"3":0,"4":0,"5":0,"6":0},"b":{"0":[0,0],"1":[0,0],"2":[0,0],"3":[0,0],"4":[0,0],"5":[0,0],"6":[0,0],"7":[0,0],"8":[0,0],"9":[0,0],"10":[0,0],"11":[0,0],"12":[0,0],"13":[0,0],"14":[0,0],"15":[0,0]}}
}
