TN:
SF:src/db.ts
FN:31,(anonymous_1)
FN:35,(anonymous_2)
FN:42,(anonymous_3)
FNF:3
FNH:0
FNDA:0,(anonymous_1)
FNDA:0,(anonymous_2)
FNDA:0,(anonymous_3)
DA:6,0
DA:7,0
DA:9,0
DA:11,0
DA:20,0
DA:30,0
DA:32,0
DA:33,0
DA:36,0
DA:42,0
DA:43,0
LF:11
LH:0
BRDA:21,0,0,0
BRDA:21,0,1,0
BRDA:22,1,0,0
BRDA:22,1,1,0
BRDA:23,2,0,0
BRDA:23,2,1,0
BRDA:24,3,0,0
BRDA:24,3,1,0
BRF:8
BRH:0
end_of_record
TN:
SF:src/server.ts
FN:23,(anonymous_1)
FN:29,(anonymous_2)
FN:41,(anonymous_3)
FNF:3
FNH:0
FNDA:0,(anonymous_1)
FNDA:0,(anonymous_2)
FNDA:0,(anonymous_3)
DA:6,0
DA:7,0
DA:9,0
DA:10,0
DA:11,0
DA:12,0
DA:13,0
DA:14,0
DA:16,0
DA:19,0
DA:23,0
DA:24,0
DA:29,0
DA:30,0
DA:34,0
DA:35,0
DA:36,0
DA:37,0
DA:40,0
DA:41,0
DA:42,0
LF:21
LH:0
BRF:0
BRH:0
end_of_record
TN:
SF:src/compliance/amlRules.ts
FN:11,detectStructuring
FN:16,(anonymous_1)
FN:26,detectHighFrequency
FNF:3
FNH:3
FNDA:8,detectStructuring
FNDA:21,(anonymous_1)
FNDA:6,detectHighFrequency
DA:11,2
DA:16,21
DA:19,8
DA:26,2
DA:28,6
LF:5
LH:5
BRDA:19,0,0,8
BRDA:19,0,1,5
BRF:2
BRH:2
end_of_record
TN:
SF:src/compliance/kycLevels.ts
FNF:0
FNH:0
DA:8,3
DA:22,3
LF:2
LH:2
BRF:0
BRH:0
end_of_record
TN:
SF:src/compliance/riskEngine.ts
FN:20,evaluateRisk
FNF:1
FNH:1
FNDA:22,evaluateRisk
DA:6,2
DA:20,2
DA:22,22
DA:25,22
DA:26,9
DA:29,13
DA:30,1
DA:33,12
LF:8
LH:8
BRDA:25,0,0,9
BRDA:25,0,1,13
BRDA:29,1,0,1
BRDA:29,1,1,12
BRF:4
BRH:4
end_of_record
TN:
SF:src/middleware/auth.ts
FN:12,registerApiKey
FN:27,apiKeyAuth
FNF:2
FNH:0
FNDA:0,registerApiKey
FNDA:0,apiKeyAuth
DA:7,0
DA:12,0
DA:13,0
DA:27,0
DA:29,0
DA:32,0
DA:33,0
DA:37,0
DA:43,0
DA:44,0
DA:49,0
DA:55,0
DA:58,0
LF:13
LH:0
BRDA:32,0,0,0
BRDA:32,0,1,0
BRDA:32,1,0,0
BRDA:32,1,1,0
BRDA:43,2,0,0
BRDA:43,2,1,0
BRF:6
BRH:0
end_of_record
TN:
SF:src/routes/cards.ts
FN:16,complianceCheck
FN:36,(anonymous_1)
FN:60,(anonymous_2)
FN:78,(anonymous_3)
FNF:4
FNH:0
FNDA:0,complianceCheck
FNDA:0,(anonymous_1)
FNDA:0,(anonymous_2)
FNDA:0,(anonymous_3)
DA:6,0
DA:7,0
DA:8,0
DA:9,0
DA:11,0
DA:13,0
DA:18,0
DA:21,0
DA:24,0
DA:36,0
DA:37,0
DA:38,0
DA:41,0
DA:49,0
DA:54,0
DA:60,0
DA:61,0
DA:62,0
DA:65,0
DA:69,0
DA:71,0
DA:78,0
DA:79,0
DA:80,0
DA:83,0
DA:84,0
DA:87,0
DA:88,0
DA:89,0
DA:91,0
DA:93,0
DA:99,0
DA:100,0
DA:102,0
DA:105,0
DA:106,0
DA:109,0
DA:112,0
DA:118,0
DA:123,0
DA:125,0
DA:129,0
LF:42
LH:0
BRDA:21,0,0,0
BRDA:21,0,1,0
BRDA:83,1,0,0
BRDA:83,1,1,0
BRDA:83,2,0,0
BRDA:83,2,1,0
BRDA:88,3,0,0
BRDA:88,3,1,0
BRDA:99,4,0,0
BRDA:99,4,1,0
BRDA:105,5,0,0
BRDA:105,5,1,0
BRF:12
BRH:0
end_of_record
TN:
SF:src/routes/compliance.ts
FN:15,(anonymous_0)
FN:41,getMerchantCompliance
FNF:2
FNH:0
FNDA:0,(anonymous_0)
FNDA:0,getMerchantCompliance
DA:6,0
DA:7,0
DA:8,0
DA:9,0
DA:11,0
DA:15,0
DA:16,0
DA:17,0
DA:20,0
DA:21,0
DA:24,0
DA:26,0
DA:31,0
DA:33,0
DA:34,0
DA:41,0
DA:42,0
DA:44,0
DA:50,0
DA:51,0
DA:54,0
DA:55,0
DA:60,0
DA:62,0
DA:66,0
LF:25
LH:0
BRDA:20,0,0,0
BRDA:20,0,1,0
BRDA:50,1,0,0
BRDA:50,1,1,0
BRDA:56,2,0,0
BRDA:56,2,1,0
BRDA:57,3,0,0
BRDA:57,3,1,0
BRF:8
BRH:0
end_of_record
TN:
SF:src/routes/merchants.ts
FN:16,(anonymous_1)
FNF:1
FNH:0
FNDA:0,(anonymous_1)
DA:6,0
DA:7,0
DA:8,0
DA:9,0
DA:11,0
DA:16,0
DA:17,0
DA:20,0
DA:21,0
DA:24,0
DA:26,0
DA:31,0
DA:32,0
DA:39,0
DA:44,0
DA:48,0
DA:51,0
DA:54,0
DA:63,0
DA:64,0
DA:68,0
LF:21
LH:0
BRDA:20,0,0,0
BRDA:20,0,1,0
BRDA:31,1,0,0
BRDA:31,1,1,0
BRF:4
BRH:0
end_of_record
TN:
SF:src/routes/wallets.ts
FN:17,complianceCheck
FN:37,(anonymous_1)
FN:58,(anonymous_2)
FN:84,(anonymous_3)
FN:125,(anonymous_4)
FN:169,(anonymous_5)
FN:204,(anonymous_6)
FNF:7
FNH:0
FNDA:0,complianceCheck
FNDA:0,(anonymous_1)
FNDA:0,(anonymous_2)
FNDA:0,(anonymous_3)
FNDA:0,(anonymous_4)
FNDA:0,(anonymous_5)
FNDA:0,(anonymous_6)
DA:6,0
DA:7,0
DA:8,0
DA:9,0
DA:11,0
DA:13,0
DA:19,0
DA:22,0
DA:25,0
DA:37,0
DA:38,0
DA:39,0
DA:42,0
DA:47,0
DA:52,0
DA:58,0
DA:59,0
DA:60,0
DA:63,0
DA:69,0
DA:70,0
DA:73,0
DA:77,0
DA:84,0
DA:85,0
DA:86,0
DA:89,0
DA:90,0
DA:91,0
DA:93,0
DA:95,0
DA:99,0
DA:102,0
DA:105,0
DA:111,0
DA:116,0
DA:118,0
DA:125,0
DA:126,0
DA:127,0
DA:130,0
DA:131,0
DA:132,0
DA:134,0
DA:136,0
DA:140,0
DA:143,0
DA:144,0
DA:147,0
DA:150,0
DA:156,0
DA:161,0
DA:163,0
DA:169,0
DA:170,0
DA:171,0
DA:174,0
DA:180,0
DA:181,0
DA:184,0
DA:187,0
DA:192,0
DA:197,0
DA:204,0
DA:205,0
DA:206,0
DA:209,0
DA:210,0
DA:215,0
DA:216,0
DA:219,0
DA:220,0
DA:224,0
DA:225,0
DA:226,0
DA:229,0
DA:231,0
DA:236,0
DA:237,0
DA:240,0
DA:243,0
DA:244,0
DA:248,0
DA:253,0
DA:254,0
DA:259,0
DA:262,0
DA:263,0
DA:264,0
DA:270,0
DA:271,0
DA:272,0
DA:278,0
DA:280,0
DA:283,0
DA:289,0
DA:295,0
DA:307,0
DA:318,0
DA:324,0
DA:325,0
DA:329,0
LF:102
LH:0
BRDA:22,0,0,0
BRDA:22,0,1,0
BRDA:69,1,0,0
BRDA:69,1,1,0
BRDA:90,2,0,0
BRDA:90,2,1,0
BRDA:131,3,0,0
BRDA:131,3,1,0
BRDA:143,4,0,0
BRDA:143,4,1,0
BRDA:180,5,0,0
BRDA:180,5,1,0
BRDA:209,6,0,0
BRDA:209,6,1,0
BRDA:209,7,0,0
BRDA:209,7,1,0
BRDA:215,8,0,0
BRDA:215,8,1,0
BRDA:219,9,0,0
BRDA:219,9,1,0
BRDA:225,10,0,0
BRDA:225,10,1,0
BRDA:236,11,0,0
BRDA:236,11,1,0
BRDA:243,12,0,0
BRDA:243,12,1,0
BRDA:253,13,0,0
BRDA:253,13,1,0
BRDA:263,14,0,0
BRDA:263,14,1,0
BRDA:271,15,0,0
BRDA:271,15,1,0
BRF:32
BRH:0
end_of_record
